<?xml version="1.0" encoding="UTF-8"?>
<!-- Generated by org.testng.reporters.JUnitReportReporter -->
<testsuite ignored="0" hostname="DESKTOP-OUBE3OH" failures="0" tests="1" name="org.testing.TestScripts.TC3" time="45.763" errors="0" timestamp="01 Dec 2023 11:39:47 GMT" skipped="0">
  <testcase classname="org.testing.TestScripts.TC3" name="TestCase_TC3" time="45.763"/>
</testsuite> <!-- org.testing.TestScripts.TC3 -->
