<?xml version="1.0" encoding="UTF-8"?>
<!-- Generated by org.testng.reporters.JUnitReportReporter -->
<testsuite ignored="0" hostname="DESKTOP-OUBE3OH" failures="0" tests="1" name="org.testing.TestScripts.TC2" time="48.740" errors="0" timestamp="01 Dec 2023 11:39:47 GMT" skipped="0">
  <testcase classname="org.testing.TestScripts.TC2" name="TestCase_TC1" time="48.740"/>
</testsuite> <!-- org.testing.TestScripts.TC2 -->
