<?xml version="1.0" encoding="UTF-8"?>
<!-- Generated by org.testng.reporters.JUnitReportReporter -->
<testsuite hostname="DESKTOP-OUBE3OH" failures="0" tests="1" name="org.testing.TestScripts.Final_TC5" time="53.868" errors="0" timestamp="25 Dec 2023 03:29:58 GMT">
  <testcase classname="org.testing.TestScripts.Final_TC5" name="VideoPlay_and_Channel_Subscribe" time="53.868"/>
</testsuite> <!-- org.testing.TestScripts.Final_TC5 -->
