<?xml version="1.0" encoding="UTF-8"?>
<!-- Generated by org.testng.reporters.JUnitReportReporter -->
<testsuite hostname="DESKTOP-OUBE3OH" failures="0" tests="1" name="org.testing.TestScripts.Final_TC7" time="48.083" errors="0" timestamp="25 Dec 2023 03:29:58 GMT">
  <testcase classname="org.testing.TestScripts.Final_TC7" name="Click_Watch_Later" time="48.083"/>
</testsuite> <!-- org.testing.TestScripts.Final_TC7 -->
