<?xml version="1.0" encoding="UTF-8"?>
<!-- Generated by org.testng.reporters.JUnitReportReporter -->
<testsuite hostname="DESKTOP-OUBE3OH" failures="0" tests="1" name="org.testing.TestScripts.Final_TC1" time="53.216" errors="0" timestamp="10 Jan 2024 11:25:22 GMT">
  <testcase classname="org.testing.TestScripts.Final_TC1" name="Trending_Click" time="53.216"/>
</testsuite> <!-- org.testing.TestScripts.Final_TC1 -->
